{
  "RSpec": {
    "coverage": {
      "/Users/joaolucaszarbielli/CongregaPlenum/lib/congrega_plenum.rb": {
        "lines": [
          null,
          null,
          1,
          1,
          1,
          1,
          1,
          null,
          null,
          null,
          1,
          1,
          1,
          1,
          1,
          null,
          1,
          1,
          null,
          null,
          null,
          null,
          null,
          1,
          4,
          null,
          4,
          null,
          null,
          null,
          null,
          null,
          null,
          1,
          null,
          1,
          null,
          1,
          null,
          1,
          null,
          1,
          null,
          1,
          null,
          1,
          null,
          null,
          null,
          null,
          1,
          36,
          36,
          36,
          36,
          36,
          36,
          null,
          null,
          null,
          null,
          1,
          null,
          null,
          null,
          null,
          null,
          1,
          1,
          1,
          1,
          1,
          1,
          1
        ],
        "branches": {}
      },
      "/Users/joaolucaszarbielli/CongregaPlenum/lib/adapters/http_adapter.rb": {
        "lines": [
          null,
          null,
          1,
          null,
          null,
          1,
          null,
          null,
          null,
          1,
          10,
          null,
          null,
          null,
          null,
          null,
          1,
          13,
          13,
          12,
          null,
          12,
          12,
          null,
          1,
          null,
          null,
          1,
          null,
          1,
          null,
          null,
          null,
          1,
          13,
          12,
          12,
          12,
          12,
          null,
          null,
          null,
          null,
          null,
          1,
          12,
          12,
          12,
          null,
          null,
          null,
          1,
          12,
          null,
          null,
          null
        ],
        "branches": {}
      },
      "/Users/joaolucaszarbielli/CongregaPlenum/lib/adapters/retry_policy.rb": {
        "lines": [
          null,
          null,
          1,
          null,
          1,
          1,
          10,
          null,
          null,
          null,
          null,
          null,
          null,
          null,
          1,
          13,
          null,
          16,
          null,
          4,
          4,
          null,
          3,
          3,
          null,
          null,
          null,
          1,
          null,
          1,
          null,
          null,
          null,
          1,
          3,
          null,
          3,
          null,
          null,
          3,
          null,
          null,
          null,
          1,
          1,
          null,
          null,
          null,
          1,
          null,
          null,
          null,
          null,
          1,
          3,
          3,
          null,
          3,
          null,
          null,
          1,
          8,
          null,
          null,
          1,
          4,
          null,
          null,
          null
        ],
        "branches": {
          "[:if, 0, 21, 8, 21, 68]": {
            "[:then, 1, 21, 8, 21, 43]": 1,
            "[:else, 2, 21, 8, 21, 68]": 3
          }
        }
      },
      "/Users/joaolucaszarbielli/CongregaPlenum/lib/adapters/response_handler.rb": {
        "lines": [
          null,
          null,
          1,
          null,
          1,
          null,
          null,
          null,
          null,
          null,
          1,
          14,
          12,
          2,
          0,
          null,
          0,
          null,
          0,
          null,
          null,
          null,
          1,
          null,
          null,
          1,
          12,
          null,
          1,
          null,
          null,
          null
        ],
        "branches": {
          "[:case, 0, 12, 6, 20, 9]": {
            "[:when, 1, 13, 20, 13, 54]": 12,
            "[:when, 2, 14, 20, 14, 74]": 2,
            "[:when, 3, 15, 20, 15, 64]": 0,
            "[:when, 4, 17, 8, 17, 89]": 0,
            "[:else, 5, 19, 8, 19, 85]": 0
          }
        }
      },
      "/Users/joaolucaszarbielli/CongregaPlenum/lib/client.rb": {
        "lines": [
          null,
          null,
          1,
          null,
          null,
          null,
          null,
          null,
          1,
          1,
          null,
          1,
          null,
          1,
          5,
          5,
          5,
          5,
          null,
          null,
          null,
          null,
          null,
          null,
          null,
          null,
          1,
          13,
          null,
          26,
          null,
          null,
          null,
          null,
          null,
          null,
          null,
          null,
          1,
          7,
          16,
          null,
          7,
          null,
          null,
          1,
          null,
          1,
          7,
          null,
          7,
          10,
          10,
          10,
          null,
          9,
          9,
          null,
          3,
          3,
          null,
          null,
          null,
          null,
          1,
          10,
          null,
          null,
          1,
          12,
          null,
          null,
          null,
          null,
          1,
          3,
          null,
          3,
          null,
          null,
          1,
          13,
          null,
          13,
          null,
          null,
          null,
          null,
          null,
          null,
          null,
          1,
          13,
          null,
          null,
          13,
          13,
          null,
          13,
          null,
          13,
          null,
          null,
          1,
          16,
          null,
          null,
          null
        ],
        "branches": {
          "[:if, 0, 54, 8, 54, 28]": {
            "[:then, 1, 54, 8, 54, 13]": 1,
            "[:else, 2, 54, 8, 54, 28]": 9
          },
          "[:unless, 3, 57, 8, 57, 41]": {
            "[:else, 4, 57, 8, 57, 41]": 3,
            "[:then, 5, 57, 8, 57, 13]": 6
          },
          "[:if, 6, 78, 6, 78, 37]": {
            "[:then, 7, 78, 6, 78, 18]": 1,
            "[:else, 8, 78, 6, 78, 37]": 2
          }
        }
      },
      "/Users/joaolucaszarbielli/CongregaPlenum/lib/modules/congressmen_service.rb": {
        "lines": [
          null,
          null,
          1,
          null,
          null,
          1,
          1,
          1,
          1,
          null,
          1,
          1,
          11,
          null,
          null,
          null,
          null,
          1,
          8,
          null,
          1,
          1,
          null,
          null,
          null,
          1,
          3,
          null,
          0,
          0,
          null,
          null,
          null,
          null,
          null,
          1,
          0,
          null,
          null,
          null,
          null,
          null,
          null,
          null,
          1,
          3,
          null,
          null,
          null,
          null,
          null,
          null,
          null,
          null,
          null,
          1,
          7,
          null,
          7,
          7,
          null,
          0,
          0,
          null,
          null,
          null,
          null,
          null,
          null,
          null,
          null,
          null,
          1,
          1,
          null,
          1,
          1,
          null,
          1,
          1,
          null,
          null,
          1,
          null,
          null,
          null,
          1,
          3,
          null,
          3,
          null,
          3,
          null,
          3,
          null,
          3,
          3,
          null,
          null,
          null,
          null,
          null,
          1,
          3,
          6,
          6,
          6,
          null,
          null,
          null,
          null,
          null,
          1,
          7,
          null,
          1,
          null,
          null,
          1,
          19,
          null,
          null,
          1,
          10,
          null,
          null,
          1,
          1,
          null,
          null,
          1,
          8,
          null,
          null,
          null,
          null
        ],
        "branches": {
          "[:if, 0, 77, 8, 77, 65]": {
            "[:then, 1, 77, 8, 77, 47]": 1,
            "[:else, 2, 77, 8, 77, 65]": 0
          },
          "[:if, 3, 106, 10, 106, 57]": {
            "[:then, 4, 106, 10, 106, 38]": 5,
            "[:else, 5, 106, 10, 106, 57]": 1
          },
          "[:unless, 6, 114, 8, 114, 61]": {
            "[:else, 7, 114, 8, 114, 61]": 1,
            "[:then, 8, 114, 8, 114, 14]": 6
          }
        }
      },
      "/Users/joaolucaszarbielli/CongregaPlenum/lib/modules/parties_service.rb": {
        "lines": [
          null,
          null,
          1,
          null,
          null,
          1,
          1,
          1,
          1,
          null,
          1,
          1,
          7,
          null,
          null,
          null,
          null,
          1,
          5,
          null,
          1,
          1,
          null,
          null,
          null,
          1,
          2,
          null,
          0,
          0,
          null,
          null,
          null,
          null,
          null,
          1,
          2,
          null,
          2,
          null,
          2,
          null,
          2,
          null,
          2,
          2,
          null,
          null,
          null,
          null,
          null,
          null,
          1,
          4,
          null,
          4,
          4,
          null,
          0,
          null,
          0,
          null,
          null,
          null,
          null,
          null,
          null,
          null,
          1,
          1,
          null,
          1,
          1,
          null,
          null,
          1,
          null,
          null,
          null,
          1,
          2,
          3,
          3,
          3,
          null,
          null,
          null,
          null,
          null,
          1,
          4,
          null,
          1,
          null,
          null,
          1,
          13,
          null,
          null,
          1,
          7,
          null,
          null,
          1,
          1,
          null,
          null,
          1,
          5,
          null,
          null,
          null,
          null
        ],
        "branches": {
          "[:if, 0, 83, 10, 83, 55]": {
            "[:then, 1, 83, 10, 83, 37]": 3,
            "[:else, 2, 83, 10, 83, 55]": 0
          },
          "[:unless, 3, 91, 8, 91, 61]": {
            "[:else, 4, 91, 8, 91, 61]": 1,
            "[:then, 5, 91, 8, 91, 14]": 3
          }
        }
      },
      "/Users/joaolucaszarbielli/CongregaPlenum/lib/modules/legislatures_service.rb": {
        "lines": [
          null,
          null,
          1,
          null,
          null,
          1,
          1,
          1,
          1,
          null,
          1,
          1,
          6,
          null,
          null,
          null,
          null,
          1,
          3,
          null,
          1,
          1,
          null,
          null,
          null,
          1,
          3,
          null,
          0,
          0,
          null,
          null,
          null,
          null,
          null,
          1,
          2,
          null,
          2,
          null,
          2,
          2,
          null,
          0,
          0,
          null,
          null,
          null,
          null,
          null,
          null,
          1,
          1,
          null,
          1,
          1,
          null,
          0,
          0,
          null,
          null,
          null,
          null,
          null,
          null,
          1,
          2,
          2,
          null,
          2,
          2,
          null,
          0,
          0,
          null,
          null,
          null,
          null,
          null,
          null,
          1,
          1,
          null,
          1,
          null,
          null,
          null,
          null,
          1,
          1,
          null,
          0,
          0,
          null,
          null,
          1,
          null,
          1,
          10,
          null,
          null,
          1,
          8,
          null,
          null,
          1,
          1,
          null,
          null,
          1,
          1,
          null,
          null,
          null,
          null
        ],
        "branches": {}
      }
    },
    "timestamp": 1763476218
  }
}
